This file contains any messages produced by compilers while
running configure, to aid debugging if configure makes a mistake.

It was created by Bare-Library configure 0.1, which was
generated by GNU Autoconf 2.69.  Invocation command line was

  $ ./configure 

## --------- ##
## Platform. ##
## --------- ##

hostname = nao-ali
uname -m = i686
uname -r = 3.2.0-4-686-pae
uname -s = Linux
uname -v = #1 SMP Debian 3.2.46-1

/usr/bin/uname -p = unknown
/bin/uname -X     = unknown

/bin/arch              = unknown
/usr/bin/arch -k       = unknown
/usr/convex/getsysinfo = unknown
/usr/bin/hostinfo      = unknown
/bin/machine           = unknown
/usr/bin/oslevel       = unknown
/bin/universe          = unknown

PATH: /usr/local/bin
PATH: /usr/bin
PATH: /bin
PATH: /usr/local/games
PATH: /usr/games
PATH: /home/ali/.local/bin/


## ----------- ##
## Core tests. ##
## ----------- ##

configure:2298: checking build system type
configure:2312: result: i686-pc-linux-gnu
configure:2332: checking host system type
configure:2345: result: i686-pc-linux-gnu
configure:2386: checking how to print strings
configure:2413: result: printf
configure:2482: checking for gcc
configure:2498: found /usr/bin/gcc
configure:2509: result: gcc
configure:2738: checking for C compiler version
configure:2747: gcc --version >&5
gcc (Debian 4.7.4-3) 4.7.4
Copyright (C) 2012 Free Software Foundation, Inc.
This is free software; see the source for copying conditions.  There is NO
warranty; not even for MERCHANTABILITY or FITNESS FOR A PARTICULAR PURPOSE.

configure:2758: $? = 0
configure:2747: gcc -v >&5
Using built-in specs.
COLLECT_GCC=gcc
COLLECT_LTO_WRAPPER=/usr/lib/gcc/i586-linux-gnu/4.7/lto-wrapper
Target: i586-linux-gnu
Configured with: ../src/configure -v --with-pkgversion='Debian 4.7.4-3' --with-bugurl=file:///usr/share/doc/gcc-4.7/README.Bugs --enable-languages=c,c++,go,fortran,objc,obj-c++ --prefix=/usr --program-suffix=-4.7 --enable-shared --enable-linker-build-id --libexecdir=/usr/lib --without-included-gettext --enable-threads=posix --with-gxx-include-dir=/usr/include/c++/4.7 --libdir=/usr/lib --enable-nls --with-sysroot=/ --enable-clocale=gnu --enable-libstdcxx-debug --enable-gnu-unique-object --disable-libmudflap --enable-plugin --with-system-zlib --enable-objc-gc --enable-targets=all --enable-multiarch --with-arch-32=i586 --with-multilib-list=m32,m64,mx32 --with-tune=generic --enable-checking=release --build=i586-linux-gnu --host=i586-linux-gnu --target=i586-linux-gnu
Thread model: posix
gcc version 4.7.4 (Debian 4.7.4-3) 
configure:2758: $? = 0
configure:2747: gcc -V >&5
gcc: error: unrecognized command line option '-V'
gcc: fatal error: no input files
compilation terminated.
configure:2758: $? = 4
configure:2747: gcc -qversion >&5
gcc: error: unrecognized command line option '-qversion'
gcc: fatal error: no input files
compilation terminated.
configure:2758: $? = 4
configure:2778: checking whether the C compiler works
configure:2800: gcc    conftest.c  >&5
configure:2804: $? = 0
configure:2852: result: yes
configure:2855: checking for C compiler default output file name
configure:2857: result: a.out
configure:2863: checking for suffix of executables
configure:2870: gcc -o conftest    conftest.c  >&5
configure:2874: $? = 0
configure:2896: result: 
configure:2918: checking whether we are cross compiling
configure:2926: gcc -o conftest    conftest.c  >&5
configure:2930: $? = 0
configure:2937: ./conftest
configure:2941: $? = 0
configure:2956: result: no
configure:2961: checking for suffix of object files
configure:2983: gcc -c   conftest.c >&5
configure:2987: $? = 0
configure:3008: result: o
configure:3012: checking whether we are using the GNU C compiler
configure:3031: gcc -c   conftest.c >&5
configure:3031: $? = 0
configure:3040: result: yes
configure:3049: checking whether gcc accepts -g
configure:3069: gcc -c -g  conftest.c >&5
configure:3069: $? = 0
configure:3110: result: yes
configure:3127: checking for gcc option to accept ISO C89
configure:3190: gcc  -c -g -O2  conftest.c >&5
configure:3190: $? = 0
configure:3203: result: none needed
configure:3223: checking for a sed that does not truncate output
configure:3287: result: /bin/sed
configure:3305: checking for grep that handles long lines and -e
configure:3363: result: /bin/grep
configure:3368: checking for egrep
configure:3430: result: /bin/grep -E
configure:3435: checking for fgrep
configure:3497: result: /bin/grep -F
configure:3532: checking for ld used by gcc
configure:3599: result: /usr/bin/ld
configure:3606: checking if the linker (/usr/bin/ld) is GNU ld
configure:3621: result: yes
configure:3633: checking for BSD- or MS-compatible name lister (nm)
configure:3682: result: /usr/bin/nm -B
configure:3812: checking the name lister (/usr/bin/nm -B) interface
configure:3819: gcc -c -g -O2  conftest.c >&5
configure:3822: /usr/bin/nm -B "conftest.o"
configure:3825: output
00000000 B some_variable
configure:3832: result: BSD nm
configure:3835: checking whether ln -s works
configure:3839: result: yes
configure:3847: checking the maximum length of command line arguments
configure:3977: result: 1572864
configure:3994: checking whether the shell understands some XSI constructs
configure:4004: result: yes
configure:4008: checking whether the shell understands "+="
configure:4014: result: yes
configure:4049: checking how to convert i686-pc-linux-gnu file names to i686-pc-linux-gnu format
configure:4089: result: func_convert_file_noop
configure:4096: checking how to convert i686-pc-linux-gnu file names to toolchain format
configure:4116: result: func_convert_file_noop
configure:4123: checking for /usr/bin/ld option to reload object files
configure:4130: result: -r
configure:4204: checking for objdump
configure:4220: found /usr/bin/objdump
configure:4231: result: objdump
configure:4263: checking how to recognize dependent libraries
configure:4461: result: pass_all
configure:4546: checking for dlltool
configure:4576: result: no
configure:4606: checking how to associate runtime and link libraries
configure:4633: result: printf %s\n
configure:4694: checking for ar
configure:4710: found /usr/bin/ar
configure:4721: result: ar
configure:4758: checking for archiver @FILE support
configure:4775: gcc -c -g -O2  conftest.c >&5
configure:4775: $? = 0
configure:4778: ar cru libconftest.a @conftest.lst >&5
ar: `u' modifier ignored since `D' is the default (see `U')
configure:4781: $? = 0
configure:4786: ar cru libconftest.a @conftest.lst >&5
ar: `u' modifier ignored since `D' is the default (see `U')
ar: conftest.o: No such file or directory
configure:4789: $? = 1
configure:4801: result: @
configure:4859: checking for strip
configure:4875: found /usr/bin/strip
configure:4886: result: strip
configure:4958: checking for ranlib
configure:4974: found /usr/bin/ranlib
configure:4985: result: ranlib
configure:5062: checking for gawk
configure:5092: result: no
configure:5062: checking for mawk
configure:5078: found /usr/bin/mawk
configure:5089: result: mawk
configure:5129: checking command to parse /usr/bin/nm -B output from gcc object
configure:5249: gcc -c -g -O2  conftest.c >&5
configure:5252: $? = 0
configure:5256: /usr/bin/nm -B conftest.o \| sed -n -e 's/^.*[ ]\([ABCDGIRSTW][ABCDGIRSTW]*\)[ ][ ]*\([_A-Za-z][_A-Za-z0-9]*\)$/\1 \2 \2/p' | sed '/ __gnu_lto/d' \> conftest.nm
configure:5259: $? = 0
configure:5325: gcc -o conftest -g -O2   conftest.c conftstm.o >&5
configure:5328: $? = 0
configure:5366: result: ok
configure:5403: checking for sysroot
configure:5433: result: no
configure:5689: checking for mt
configure:5705: found /bin/mt
configure:5716: result: mt
configure:5739: checking if mt is a manifest tool
configure:5745: mt '-?'
configure:5753: result: no
configure:6395: checking how to run the C preprocessor
configure:6426: gcc -E  conftest.c
configure:6426: $? = 0
configure:6440: gcc -E  conftest.c
conftest.c:9:28: fatal error: ac_nonexistent.h: No such file or directory
compilation terminated.
configure:6440: $? = 1
configure: failed program was:
| /* confdefs.h */
| #define PACKAGE_NAME "Bare-Library"
| #define PACKAGE_TARNAME "bare-library"
| #define PACKAGE_VERSION "0.1"
| #define PACKAGE_STRING "Bare-Library 0.1"
| #define PACKAGE_BUGREPORT "m.a@sharpasand.com"
| #define PACKAGE_URL ""
| /* end confdefs.h.  */
| #include <ac_nonexistent.h>
configure:6465: result: gcc -E
configure:6485: gcc -E  conftest.c
configure:6485: $? = 0
configure:6499: gcc -E  conftest.c
conftest.c:9:28: fatal error: ac_nonexistent.h: No such file or directory
compilation terminated.
configure:6499: $? = 1
configure: failed program was:
| /* confdefs.h */
| #define PACKAGE_NAME "Bare-Library"
| #define PACKAGE_TARNAME "bare-library"
| #define PACKAGE_VERSION "0.1"
| #define PACKAGE_STRING "Bare-Library 0.1"
| #define PACKAGE_BUGREPORT "m.a@sharpasand.com"
| #define PACKAGE_URL ""
| /* end confdefs.h.  */
| #include <ac_nonexistent.h>
configure:6528: checking for ANSI C header files
configure:6548: gcc -c -g -O2  conftest.c >&5
configure:6548: $? = 0
configure:6621: gcc -o conftest -g -O2   conftest.c  >&5
configure:6621: $? = 0
configure:6621: ./conftest
configure:6621: $? = 0
configure:6632: result: yes
configure:6645: checking for sys/types.h
configure:6645: gcc -c -g -O2  conftest.c >&5
configure:6645: $? = 0
configure:6645: result: yes
configure:6645: checking for sys/stat.h
configure:6645: gcc -c -g -O2  conftest.c >&5
configure:6645: $? = 0
configure:6645: result: yes
configure:6645: checking for stdlib.h
configure:6645: gcc -c -g -O2  conftest.c >&5
configure:6645: $? = 0
configure:6645: result: yes
configure:6645: checking for string.h
configure:6645: gcc -c -g -O2  conftest.c >&5
configure:6645: $? = 0
configure:6645: result: yes
configure:6645: checking for memory.h
configure:6645: gcc -c -g -O2  conftest.c >&5
configure:6645: $? = 0
configure:6645: result: yes
configure:6645: checking for strings.h
configure:6645: gcc -c -g -O2  conftest.c >&5
configure:6645: $? = 0
configure:6645: result: yes
configure:6645: checking for inttypes.h
configure:6645: gcc -c -g -O2  conftest.c >&5
configure:6645: $? = 0
configure:6645: result: yes
configure:6645: checking for stdint.h
configure:6645: gcc -c -g -O2  conftest.c >&5
configure:6645: $? = 0
configure:6645: result: yes
configure:6645: checking for unistd.h
configure:6645: gcc -c -g -O2  conftest.c >&5
configure:6645: $? = 0
configure:6645: result: yes
configure:6659: checking for dlfcn.h
configure:6659: gcc -c -g -O2  conftest.c >&5
configure:6659: $? = 0
configure:6659: result: yes
configure:6864: checking for objdir
configure:6879: result: .libs
configure:7150: checking if gcc supports -fno-rtti -fno-exceptions
configure:7168: gcc -c -g -O2  -fno-rtti -fno-exceptions conftest.c >&5
cc1: warning: command line option '-fno-rtti' is valid for C++/ObjC++ but not for C [enabled by default]
configure:7172: $? = 0
configure:7185: result: no
configure:7512: checking for gcc option to produce PIC
configure:7519: result: -fPIC -DPIC
configure:7527: checking if gcc PIC flag -fPIC -DPIC works
configure:7545: gcc -c -g -O2  -fPIC -DPIC -DPIC conftest.c >&5
configure:7549: $? = 0
configure:7562: result: yes
configure:7591: checking if gcc static flag -static works
configure:7619: result: yes
configure:7634: checking if gcc supports -c -o file.o
configure:7655: gcc -c -g -O2  -o out/conftest2.o conftest.c >&5
configure:7659: $? = 0
configure:7681: result: yes
configure:7689: checking if gcc supports -c -o file.o
configure:7736: result: yes
configure:7769: checking whether the gcc linker (/usr/bin/ld) supports shared libraries
configure:8926: result: yes
configure:8963: checking whether -lc should be explicitly linked in
configure:8971: gcc -c -g -O2  conftest.c >&5
configure:8974: $? = 0
configure:8989: gcc -shared  -fPIC -DPIC conftest.o  -v -Wl,-soname -Wl,conftest -o conftest 2\>\&1 \| /bin/grep  -lc  \>/dev/null 2\>\&1
configure:8992: $? = 0
configure:9006: result: no
configure:9166: checking dynamic linker characteristics
configure:9666: gcc -o conftest -g -O2   -Wl,-rpath -Wl,/foo conftest.c  >&5
configure:9666: $? = 0
configure:9900: result: GNU/Linux ld.so
configure:10007: checking how to hardcode library paths into programs
configure:10032: result: immediate
configure:10572: checking whether stripping libraries is possible
configure:10577: result: yes
configure:10612: checking if libtool supports shared libraries
configure:10614: result: yes
configure:10617: checking whether to build shared libraries
configure:10638: result: yes
configure:10641: checking whether to build static libraries
configure:10645: result: yes
configure:10698: checking for a BSD-compatible install
configure:10766: result: /usr/bin/install -c
configure:10777: checking whether build environment is sane
configure:10827: result: yes
configure:10968: checking for a thread-safe mkdir -p
configure:11007: result: /bin/mkdir -p
configure:11016: checking whether make sets $(MAKE)
configure:11038: result: yes
configure:11068: checking for style of include used by make
configure:11096: result: GNU
configure:11182: checking dependency style of gcc
configure:11293: result: gcc3
configure:11372: checking for g++
configure:11388: found /usr/bin/g++
configure:11399: result: g++
configure:11426: checking for C++ compiler version
configure:11435: g++ --version >&5
g++ (Debian 4.7.4-3) 4.7.4
Copyright (C) 2012 Free Software Foundation, Inc.
This is free software; see the source for copying conditions.  There is NO
warranty; not even for MERCHANTABILITY or FITNESS FOR A PARTICULAR PURPOSE.

configure:11446: $? = 0
configure:11435: g++ -v >&5
Using built-in specs.
COLLECT_GCC=g++
COLLECT_LTO_WRAPPER=/usr/lib/gcc/i586-linux-gnu/4.7/lto-wrapper
Target: i586-linux-gnu
Configured with: ../src/configure -v --with-pkgversion='Debian 4.7.4-3' --with-bugurl=file:///usr/share/doc/gcc-4.7/README.Bugs --enable-languages=c,c++,go,fortran,objc,obj-c++ --prefix=/usr --program-suffix=-4.7 --enable-shared --enable-linker-build-id --libexecdir=/usr/lib --without-included-gettext --enable-threads=posix --with-gxx-include-dir=/usr/include/c++/4.7 --libdir=/usr/lib --enable-nls --with-sysroot=/ --enable-clocale=gnu --enable-libstdcxx-debug --enable-gnu-unique-object --disable-libmudflap --enable-plugin --with-system-zlib --enable-objc-gc --enable-targets=all --enable-multiarch --with-arch-32=i586 --with-multilib-list=m32,m64,mx32 --with-tune=generic --enable-checking=release --build=i586-linux-gnu --host=i586-linux-gnu --target=i586-linux-gnu
Thread model: posix
gcc version 4.7.4 (Debian 4.7.4-3) 
configure:11446: $? = 0
configure:11435: g++ -V >&5
g++: error: unrecognized command line option '-V'
g++: fatal error: no input files
compilation terminated.
configure:11446: $? = 4
configure:11435: g++ -qversion >&5
g++: error: unrecognized command line option '-qversion'
g++: fatal error: no input files
compilation terminated.
configure:11446: $? = 4
configure:11450: checking whether we are using the GNU C++ compiler
configure:11469: g++ -c   conftest.cpp >&5
configure:11469: $? = 0
configure:11478: result: yes
configure:11487: checking whether g++ accepts -g
configure:11507: g++ -c -g  conftest.cpp >&5
configure:11507: $? = 0
configure:11548: result: yes
configure:11589: checking how to run the C++ preprocessor
configure:11616: g++ -E  conftest.cpp
configure:11616: $? = 0
configure:11630: g++ -E  conftest.cpp
conftest.cpp:23:28: fatal error: ac_nonexistent.h: No such file or directory
compilation terminated.
configure:11630: $? = 1
configure: failed program was:
| /* confdefs.h */
| #define PACKAGE_NAME "Bare-Library"
| #define PACKAGE_TARNAME "bare-library"
| #define PACKAGE_VERSION "0.1"
| #define PACKAGE_STRING "Bare-Library 0.1"
| #define PACKAGE_BUGREPORT "m.a@sharpasand.com"
| #define PACKAGE_URL ""
| #define STDC_HEADERS 1
| #define HAVE_SYS_TYPES_H 1
| #define HAVE_SYS_STAT_H 1
| #define HAVE_STDLIB_H 1
| #define HAVE_STRING_H 1
| #define HAVE_MEMORY_H 1
| #define HAVE_STRINGS_H 1
| #define HAVE_INTTYPES_H 1
| #define HAVE_STDINT_H 1
| #define HAVE_UNISTD_H 1
| #define HAVE_DLFCN_H 1
| #define LT_OBJDIR ".libs/"
| #define PACKAGE "bare-library"
| #define VERSION "0.1"
| /* end confdefs.h.  */
| #include <ac_nonexistent.h>
configure:11655: result: g++ -E
configure:11675: g++ -E  conftest.cpp
configure:11675: $? = 0
configure:11689: g++ -E  conftest.cpp
conftest.cpp:23:28: fatal error: ac_nonexistent.h: No such file or directory
compilation terminated.
configure:11689: $? = 1
configure: failed program was:
| /* confdefs.h */
| #define PACKAGE_NAME "Bare-Library"
| #define PACKAGE_TARNAME "bare-library"
| #define PACKAGE_VERSION "0.1"
| #define PACKAGE_STRING "Bare-Library 0.1"
| #define PACKAGE_BUGREPORT "m.a@sharpasand.com"
| #define PACKAGE_URL ""
| #define STDC_HEADERS 1
| #define HAVE_SYS_TYPES_H 1
| #define HAVE_SYS_STAT_H 1
| #define HAVE_STDLIB_H 1
| #define HAVE_STRING_H 1
| #define HAVE_MEMORY_H 1
| #define HAVE_STRINGS_H 1
| #define HAVE_INTTYPES_H 1
| #define HAVE_STDINT_H 1
| #define HAVE_UNISTD_H 1
| #define HAVE_DLFCN_H 1
| #define LT_OBJDIR ".libs/"
| #define PACKAGE "bare-library"
| #define VERSION "0.1"
| /* end confdefs.h.  */
| #include <ac_nonexistent.h>
configure:11858: checking for ld used by g++
configure:11925: result: /usr/bin/ld
configure:11932: checking if the linker (/usr/bin/ld) is GNU ld
configure:11947: result: yes
configure:12002: checking whether the g++ linker (/usr/bin/ld) supports shared libraries
configure:13004: result: yes
configure:13040: g++ -c -g -O2  conftest.cpp >&5
configure:13043: $? = 0
configure:13563: checking for g++ option to produce PIC
configure:13570: result: -fPIC -DPIC
configure:13578: checking if g++ PIC flag -fPIC -DPIC works
configure:13596: g++ -c -g -O2  -fPIC -DPIC -DPIC conftest.cpp >&5
configure:13600: $? = 0
configure:13613: result: yes
configure:13636: checking if g++ static flag -static works
configure:13664: result: yes
configure:13676: checking if g++ supports -c -o file.o
configure:13697: g++ -c -g -O2  -o out/conftest2.o conftest.cpp >&5
configure:13701: $? = 0
configure:13723: result: yes
configure:13728: checking if g++ supports -c -o file.o
configure:13775: result: yes
configure:13805: checking whether the g++ linker (/usr/bin/ld) supports shared libraries
configure:13844: result: yes
configure:13985: checking dynamic linker characteristics
configure:14653: result: GNU/Linux ld.so
configure:14706: checking how to hardcode library paths into programs
configure:14731: result: immediate
configure:14773: checking dependency style of g++
configure:14884: result: gcc3
configure:14947: checking for gcc
configure:14974: result: gcc
configure:15203: checking for C compiler version
configure:15212: gcc --version >&5
gcc (Debian 4.7.4-3) 4.7.4
Copyright (C) 2012 Free Software Foundation, Inc.
This is free software; see the source for copying conditions.  There is NO
warranty; not even for MERCHANTABILITY or FITNESS FOR A PARTICULAR PURPOSE.

configure:15223: $? = 0
configure:15212: gcc -v >&5
Using built-in specs.
COLLECT_GCC=gcc
COLLECT_LTO_WRAPPER=/usr/lib/gcc/i586-linux-gnu/4.7/lto-wrapper
Target: i586-linux-gnu
Configured with: ../src/configure -v --with-pkgversion='Debian 4.7.4-3' --with-bugurl=file:///usr/share/doc/gcc-4.7/README.Bugs --enable-languages=c,c++,go,fortran,objc,obj-c++ --prefix=/usr --program-suffix=-4.7 --enable-shared --enable-linker-build-id --libexecdir=/usr/lib --without-included-gettext --enable-threads=posix --with-gxx-include-dir=/usr/include/c++/4.7 --libdir=/usr/lib --enable-nls --with-sysroot=/ --enable-clocale=gnu --enable-libstdcxx-debug --enable-gnu-unique-object --disable-libmudflap --enable-plugin --with-system-zlib --enable-objc-gc --enable-targets=all --enable-multiarch --with-arch-32=i586 --with-multilib-list=m32,m64,mx32 --with-tune=generic --enable-checking=release --build=i586-linux-gnu --host=i586-linux-gnu --target=i586-linux-gnu
Thread model: posix
gcc version 4.7.4 (Debian 4.7.4-3) 
configure:15223: $? = 0
configure:15212: gcc -V >&5
gcc: error: unrecognized command line option '-V'
gcc: fatal error: no input files
compilation terminated.
configure:15223: $? = 4
configure:15212: gcc -qversion >&5
gcc: error: unrecognized command line option '-qversion'
gcc: fatal error: no input files
compilation terminated.
configure:15223: $? = 4
configure:15227: checking whether we are using the GNU C compiler
configure:15255: result: yes
configure:15264: checking whether gcc accepts -g
configure:15325: result: yes
configure:15342: checking for gcc option to accept ISO C89
configure:15418: result: none needed
configure:15617: creating ./config.status

## ---------------------- ##
## Running config.status. ##
## ---------------------- ##

This file was extended by Bare-Library config.status 0.1, which was
generated by GNU Autoconf 2.69.  Invocation command line was

  CONFIG_FILES    = 
  CONFIG_HEADERS  = 
  CONFIG_LINKS    = 
  CONFIG_COMMANDS = 
  $ ./config.status 

on nao-ali

config.status:1048: error: cannot find input file: `Makefile.in'

## ---------------- ##
## Cache variables. ##
## ---------------- ##

ac_cv_build=i686-pc-linux-gnu
ac_cv_c_compiler_gnu=yes
ac_cv_cxx_compiler_gnu=yes
ac_cv_env_CCC_set=
ac_cv_env_CCC_value=
ac_cv_env_CC_set=
ac_cv_env_CC_value=
ac_cv_env_CFLAGS_set=
ac_cv_env_CFLAGS_value=
ac_cv_env_CPPFLAGS_set=
ac_cv_env_CPPFLAGS_value=
ac_cv_env_CPP_set=
ac_cv_env_CPP_value=
ac_cv_env_CXXCPP_set=
ac_cv_env_CXXCPP_value=
ac_cv_env_CXXFLAGS_set=
ac_cv_env_CXXFLAGS_value=
ac_cv_env_CXX_set=
ac_cv_env_CXX_value=
ac_cv_env_LDFLAGS_set=
ac_cv_env_LDFLAGS_value=
ac_cv_env_LIBS_set=
ac_cv_env_LIBS_value=
ac_cv_env_build_alias_set=
ac_cv_env_build_alias_value=
ac_cv_env_host_alias_set=
ac_cv_env_host_alias_value=
ac_cv_env_target_alias_set=
ac_cv_env_target_alias_value=
ac_cv_header_dlfcn_h=yes
ac_cv_header_inttypes_h=yes
ac_cv_header_memory_h=yes
ac_cv_header_stdc=yes
ac_cv_header_stdint_h=yes
ac_cv_header_stdlib_h=yes
ac_cv_header_string_h=yes
ac_cv_header_strings_h=yes
ac_cv_header_sys_stat_h=yes
ac_cv_header_sys_types_h=yes
ac_cv_header_unistd_h=yes
ac_cv_host=i686-pc-linux-gnu
ac_cv_objext=o
ac_cv_path_EGREP='/bin/grep -E'
ac_cv_path_FGREP='/bin/grep -F'
ac_cv_path_GREP=/bin/grep
ac_cv_path_SED=/bin/sed
ac_cv_path_install='/usr/bin/install -c'
ac_cv_path_mkdir=/bin/mkdir
ac_cv_prog_AWK=mawk
ac_cv_prog_CPP='gcc -E'
ac_cv_prog_CXXCPP='g++ -E'
ac_cv_prog_ac_ct_AR=ar
ac_cv_prog_ac_ct_CC=gcc
ac_cv_prog_ac_ct_CXX=g++
ac_cv_prog_ac_ct_MANIFEST_TOOL=mt
ac_cv_prog_ac_ct_OBJDUMP=objdump
ac_cv_prog_ac_ct_RANLIB=ranlib
ac_cv_prog_ac_ct_STRIP=strip
ac_cv_prog_cc_c89=
ac_cv_prog_cc_g=yes
ac_cv_prog_cxx_g=yes
ac_cv_prog_make_make_set=yes
am_cv_CC_dependencies_compiler_type=gcc3
am_cv_CXX_dependencies_compiler_type=gcc3
lt_cv_ar_at_file=@
lt_cv_archive_cmds_need_lc=no
lt_cv_deplibs_check_method=pass_all
lt_cv_file_magic_cmd='$MAGIC_CMD'
lt_cv_file_magic_test_file=
lt_cv_ld_reload_flag=-r
lt_cv_nm_interface='BSD nm'
lt_cv_objdir=.libs
lt_cv_path_LD=/usr/bin/ld
lt_cv_path_LDCXX=/usr/bin/ld
lt_cv_path_NM='/usr/bin/nm -B'
lt_cv_path_mainfest_tool=no
lt_cv_prog_compiler_c_o=yes
lt_cv_prog_compiler_c_o_CXX=yes
lt_cv_prog_compiler_pic='-fPIC -DPIC'
lt_cv_prog_compiler_pic_CXX='-fPIC -DPIC'
lt_cv_prog_compiler_pic_works=yes
lt_cv_prog_compiler_pic_works_CXX=yes
lt_cv_prog_compiler_rtti_exceptions=no
lt_cv_prog_compiler_static_works=yes
lt_cv_prog_compiler_static_works_CXX=yes
lt_cv_prog_gnu_ld=yes
lt_cv_prog_gnu_ldcxx=yes
lt_cv_sharedlib_from_linklib_cmd='printf %s\n'
lt_cv_shlibpath_overrides_runpath=no
lt_cv_sys_global_symbol_pipe='sed -n -e '\''s/^.*[	 ]\([ABCDGIRSTW][ABCDGIRSTW]*\)[	 ][	 ]*\([_A-Za-z][_A-Za-z0-9]*\)$/\1 \2 \2/p'\'' | sed '\''/ __gnu_lto/d'\'''
lt_cv_sys_global_symbol_to_c_name_address='sed -n -e '\''s/^: \([^ ]*\)[ ]*$/  {\"\1\", (void *) 0},/p'\'' -e '\''s/^[ABCDGIRSTW]* \([^ ]*\) \([^ ]*\)$/  {"\2", (void *) \&\2},/p'\'''
lt_cv_sys_global_symbol_to_c_name_address_lib_prefix='sed -n -e '\''s/^: \([^ ]*\)[ ]*$/  {\"\1\", (void *) 0},/p'\'' -e '\''s/^[ABCDGIRSTW]* \([^ ]*\) \(lib[^ ]*\)$/  {"\2", (void *) \&\2},/p'\'' -e '\''s/^[ABCDGIRSTW]* \([^ ]*\) \([^ ]*\)$/  {"lib\2", (void *) \&\2},/p'\'''
lt_cv_sys_global_symbol_to_cdecl='sed -n -e '\''s/^T .* \(.*\)$/extern int \1();/p'\'' -e '\''s/^[ABCDGIRSTW]* .* \(.*\)$/extern char \1;/p'\'''
lt_cv_sys_max_cmd_len=1572864
lt_cv_to_host_file_cmd=func_convert_file_noop
lt_cv_to_tool_file_cmd=func_convert_file_noop

## ----------------- ##
## Output variables. ##
## ----------------- ##

ACLOCAL='${SHELL} /home/ali/workspace/bare-library/missing --run aclocal-1.11'
AMDEPBACKSLASH='\'
AMDEP_FALSE='#'
AMDEP_TRUE=''
AMTAR='$${TAR-tar}'
AR='ar'
AUTOCONF='${SHELL} /home/ali/workspace/bare-library/missing --run autoconf'
AUTOHEADER='${SHELL} /home/ali/workspace/bare-library/missing --run autoheader'
AUTOMAKE='${SHELL} /home/ali/workspace/bare-library/missing --run automake-1.11'
AWK='mawk'
CC='gcc'
CCDEPMODE='depmode=gcc3'
CFLAGS='-g -O2'
CPP='gcc -E'
CPPFLAGS=''
CXX='g++'
CXXCPP='g++ -E'
CXXDEPMODE='depmode=gcc3'
CXXFLAGS='-g -O2'
CYGPATH_W='echo'
DEFS='-DPACKAGE_NAME=\"Bare-Library\" -DPACKAGE_TARNAME=\"bare-library\" -DPACKAGE_VERSION=\"0.1\" -DPACKAGE_STRING=\"Bare-Library\ 0.1\" -DPACKAGE_BUGREPORT=\"m.a@sharpasand.com\" -DPACKAGE_URL=\"\" -DSTDC_HEADERS=1 -DHAVE_SYS_TYPES_H=1 -DHAVE_SYS_STAT_H=1 -DHAVE_STDLIB_H=1 -DHAVE_STRING_H=1 -DHAVE_MEMORY_H=1 -DHAVE_STRINGS_H=1 -DHAVE_INTTYPES_H=1 -DHAVE_STDINT_H=1 -DHAVE_UNISTD_H=1 -DHAVE_DLFCN_H=1 -DLT_OBJDIR=\".libs/\" -DPACKAGE=\"bare-library\" -DVERSION=\"0.1\"'
DEPDIR='.deps'
DLLTOOL='false'
DSYMUTIL=''
DUMPBIN=''
ECHO_C=''
ECHO_N='-n'
ECHO_T=''
EGREP='/bin/grep -E'
EXEEXT=''
FGREP='/bin/grep -F'
GREP='/bin/grep'
INSTALL_DATA='${INSTALL} -m 644'
INSTALL_PROGRAM='${INSTALL}'
INSTALL_SCRIPT='${INSTALL}'
INSTALL_STRIP_PROGRAM='$(install_sh) -c -s'
LD='/usr/bin/ld'
LDFLAGS=''
LIBOBJS=''
LIBS=''
LIBTOOL='$(SHELL) $(top_builddir)/libtool'
LIPO=''
LN_S='ln -s'
LTLIBOBJS=''
MAKEINFO='${SHELL} /home/ali/workspace/bare-library/missing --run makeinfo'
MANIFEST_TOOL=':'
MKDIR_P='/bin/mkdir -p'
NM='/usr/bin/nm -B'
NMEDIT=''
OBJDUMP='objdump'
OBJEXT='o'
OTOOL64=''
OTOOL=''
PACKAGE='bare-library'
PACKAGE_BUGREPORT='m.a@sharpasand.com'
PACKAGE_NAME='Bare-Library'
PACKAGE_STRING='Bare-Library 0.1'
PACKAGE_TARNAME='bare-library'
PACKAGE_URL=''
PACKAGE_VERSION='0.1'
PATH_SEPARATOR=':'
RANLIB='ranlib'
SED='/bin/sed'
SET_MAKE=''
SHELL='/bin/bash'
STRIP='strip'
VERSION='0.1'
ac_ct_AR='ar'
ac_ct_CC='gcc'
ac_ct_CXX='g++'
ac_ct_DUMPBIN=''
am__EXEEXT_FALSE=''
am__EXEEXT_TRUE='#'
am__fastdepCC_FALSE='#'
am__fastdepCC_TRUE=''
am__fastdepCXX_FALSE='#'
am__fastdepCXX_TRUE=''
am__include='include'
am__isrc=''
am__leading_dot='.'
am__nodep='_no'
am__quote=''
am__tar='$${TAR-tar} chof - "$$tardir"'
am__untar='$${TAR-tar} xf -'
bindir='${exec_prefix}/bin'
build='i686-pc-linux-gnu'
build_alias=''
build_cpu='i686'
build_os='linux-gnu'
build_vendor='pc'
datadir='${datarootdir}'
datarootdir='${prefix}/share'
docdir='${datarootdir}/doc/${PACKAGE_TARNAME}'
dvidir='${docdir}'
exec_prefix='${prefix}'
host='i686-pc-linux-gnu'
host_alias=''
host_cpu='i686'
host_os='linux-gnu'
host_vendor='pc'
htmldir='${docdir}'
includedir='${prefix}/include'
infodir='${datarootdir}/info'
install_sh='${SHELL} /home/ali/workspace/bare-library/install-sh'
libdir='${exec_prefix}/lib'
libexecdir='${exec_prefix}/libexec'
localedir='${datarootdir}/locale'
localstatedir='${prefix}/var'
mandir='${datarootdir}/man'
mkdir_p='/bin/mkdir -p'
oldincludedir='/usr/include'
pdfdir='${docdir}'
prefix='/usr/local'
program_transform_name='s,x,x,'
psdir='${docdir}'
sbindir='${exec_prefix}/sbin'
sharedstatedir='${prefix}/com'
sysconfdir='${prefix}/etc'
target_alias=''

## ----------- ##
## confdefs.h. ##
## ----------- ##

/* confdefs.h */
#define PACKAGE_NAME "Bare-Library"
#define PACKAGE_TARNAME "bare-library"
#define PACKAGE_VERSION "0.1"
#define PACKAGE_STRING "Bare-Library 0.1"
#define PACKAGE_BUGREPORT "m.a@sharpasand.com"
#define PACKAGE_URL ""
#define STDC_HEADERS 1
#define HAVE_SYS_TYPES_H 1
#define HAVE_SYS_STAT_H 1
#define HAVE_STDLIB_H 1
#define HAVE_STRING_H 1
#define HAVE_MEMORY_H 1
#define HAVE_STRINGS_H 1
#define HAVE_INTTYPES_H 1
#define HAVE_STDINT_H 1
#define HAVE_UNISTD_H 1
#define HAVE_DLFCN_H 1
#define LT_OBJDIR ".libs/"
#define PACKAGE "bare-library"
#define VERSION "0.1"

configure: exit 1
